2021-Jan-23 23:03:19.719239 INFO [daemon] Bytevelin v0.0.1.1()
2021-Jan-23 23:03:19.721577 INFO [daemon] Module folder: ./Bytevelind
2021-Jan-23 23:03:19.727415 ERROR [currency] failed to parse coinbase tx from hard coded blob
2021-Jan-23 23:03:19.727564 ERROR [currency] Failed to generate genesis block
2021-Jan-24 08:34:07.833757 INFO [daemon] Bytevelin v0.0.1.1()
2021-Jan-24 08:34:07.834599 INFO [daemon] Module folder: ./Bytevelind
2021-Jan-24 08:34:07.837691 INFO [daemon] Initializing p2p server...
2021-Jan-24 08:34:07.839355 INFO [node_server] Binding on 0.0.0.0:40888
2021-Jan-24 08:34:07.839531 INFO [node_server] Net service binded on 0.0.0.0:40888
2021-Jan-24 08:34:07.839655 INFO [node_server] Attempting to add IGD port mapping.
2021-Jan-24 08:34:11.844746 INFO [node_server] No IGD was found.
2021-Jan-24 08:34:11.844982 INFO [daemon] P2p server initialized OK
2021-Jan-24 08:34:11.845117 INFO [daemon] Initializing core...
2021-Jan-24 08:34:11.845381 INFO [Blockchain] Blockchain not loaded, generating genesis block.
2021-Jan-24 08:34:11.845665 INFO [Blockchain] Blockchain initialized. last block: 0, d3126.h3.m34.s11 time ago, current difficulty: 1
2021-Jan-24 08:34:11.845796 INFO [daemon] Core initialized OK
2021-Jan-24 08:34:11.845966 INFO [daemon] Starting core rpc server on address 127.0.0.1:40999
2021-Jan-24 08:34:11.846111 INFO [daemon] Core rpc server started ok
2021-Jan-24 08:34:11.846221 INFO [daemon] Starting p2p net loop...
2021-Jan-24 08:34:11.846313 INFO [node_server] Starting node_server
2021-Jan-24 08:34:26.848846 ERROR [node_server] Failed to connect to any of seed peers, continuing without seeds
2021-Jan-24 08:34:26.849163 INFO [core] 
2021-Jan-24 08:34:26.849163 INFO [core] **********************************************************************
2021-Jan-24 08:34:26.849163 INFO [core] The daemon will start synchronizing with the network. It may take up to several hours.
2021-Jan-24 08:34:26.849163 INFO [core] 
2021-Jan-24 08:34:26.849163 INFO [core] You can set the level of process detailization* through "set_log <level>" command*, where <level> is between 0 (no details) and 4 (very verbose).
2021-Jan-24 08:34:26.849163 INFO [core] 
2021-Jan-24 08:34:26.849163 INFO [core] Use "help" command to see the list of available commands.
2021-Jan-24 08:34:26.849163 INFO [core] 
2021-Jan-24 08:34:26.849163 INFO [core] Note: in case you need to interrupt the process, use "exit" command. Otherwise, the current progress won't be saved.
2021-Jan-24 08:34:26.849163 INFO [core] **********************************************************************
2021-Jan-24 08:34:42.641564 INFO [node_server] Stop signal sent
2021-Jan-24 08:34:42.641745 INFO [node_server] Stopping NodeServer and it's0 connections...
2021-Jan-24 08:34:42.642118 ERROR [node_server] Failed to connect to any of seed peers, continuing without seeds
2021-Jan-24 08:34:43.642470 INFO [node_server] NodeServer loop stopped
2021-Jan-24 08:34:43.642711 INFO [daemon] p2p net loop stopped
2021-Jan-24 08:34:43.642855 INFO [daemon] Stopping core rpc server...
2021-Jan-24 08:34:43.643068 INFO [daemon] Deinitializing core...
2021-Jan-24 08:34:43.643213 INFO [miner] Mining has been stopped, 0 finished
2021-Jan-24 08:34:43.643474 INFO [Blockchain] Saving blockchain...
2021-Jan-24 08:34:43.643616 INFO [BlockCacheSerializer] - saving block index...
2021-Jan-24 08:34:43.643712 INFO [BlockCacheSerializer] - saving transaction map...
2021-Jan-24 08:34:43.643814 INFO [BlockCacheSerializer] - saving spent keys...
2021-Jan-24 08:34:43.643907 INFO [BlockCacheSerializer] - saving outputs...
2021-Jan-24 08:34:43.644006 INFO [BlockCacheSerializer] - saving multi-signature outputs...
2021-Jan-24 08:34:43.644102 INFO [BlockCacheSerializer] Serialization time: 0ms
2021-Jan-24 08:34:43.644203 INFO [Blockchain] Saving blockchain indices...
2021-Jan-24 08:34:43.644318 INFO [BlockchainIndicesSerializer] - saving paymentID index...
2021-Jan-24 08:34:43.644423 INFO [BlockchainIndicesSerializer] - saving timestamp index...
2021-Jan-24 08:34:43.644521 INFO [BlockchainIndicesSerializer] - saving generated transactions index...
2021-Jan-24 08:34:43.644640 INFO [daemon] Deinitializing p2p...
2021-Jan-24 08:34:43.644841 INFO [miner] Mining has been stopped, 0 finished
2021-Jan-24 08:34:43.645110 INFO [daemon] Node stopped.
2021-Jan-24 09:51:51.197363 INFO [daemon] Bytevelin v0.0.1.1()
2021-Jan-24 09:51:51.199228 INFO [daemon] Module folder: ./Bytevelind
2021-Jan-24 09:51:51.205407 INFO [daemon] Initializing p2p server...
2021-Jan-24 09:51:51.207143 INFO [node_server] Binding on 0.0.0.0:40888
2021-Jan-24 09:51:51.207287 INFO [node_server] Net service binded on 0.0.0.0:40888
2021-Jan-24 09:51:51.207379 INFO [node_server] Attempting to add IGD port mapping.
2021-Jan-24 09:51:55.212440 INFO [node_server] No IGD was found.
2021-Jan-24 09:51:55.212702 INFO [daemon] P2p server initialized OK
2021-Jan-24 09:51:55.212807 INFO [daemon] Initializing core...
2021-Jan-24 09:51:55.213036 INFO [Blockchain] Blockchain not loaded, generating genesis block.
2021-Jan-24 09:51:55.213288 INFO [Blockchain] Blockchain initialized. last block: 0, d3126.h4.m51.s55 time ago, current difficulty: 1
2021-Jan-24 09:51:55.213392 INFO [daemon] Core initialized OK
2021-Jan-24 09:51:55.214170 INFO [daemon] Starting core rpc server on address 127.0.0.1:40999
2021-Jan-24 09:51:55.214346 INFO [daemon] Core rpc server started ok
2021-Jan-24 09:51:55.214447 INFO [daemon] Starting p2p net loop...
2021-Jan-24 09:51:55.214525 INFO [node_server] Starting node_server
2021-Jan-24 09:51:55.218887 INFO [protocol] 
2021-Jan-24 09:51:55.218887 INFO [protocol] **********************************************************************
2021-Jan-24 09:51:55.218887 INFO [protocol] You are now synchronized with the network. You may now start simplewallet.
2021-Jan-24 09:51:55.218887 INFO [protocol] 
2021-Jan-24 09:51:55.218887 INFO [protocol] Please note, that the blockchain will be saved only after you quit the daemon with "exit" command or if you use "save" command.
2021-Jan-24 09:51:55.218887 INFO [protocol] Otherwise, you will possibly need to synchronize the blockchain again.
2021-Jan-24 09:51:55.218887 INFO [protocol] 
2021-Jan-24 09:51:55.218887 INFO [protocol] Use "help" command to see the list of available commands.
2021-Jan-24 09:51:55.218887 INFO [protocol] **********************************************************************
2021-Jan-24 09:51:55.220012 INFO [core] 
2021-Jan-24 09:51:55.220012 INFO [core] **********************************************************************
2021-Jan-24 09:51:55.220012 INFO [core] The daemon will start synchronizing with the network. It may take up to several hours.
2021-Jan-24 09:51:55.220012 INFO [core] 
2021-Jan-24 09:51:55.220012 INFO [core] You can set the level of process detailization* through "set_log <level>" command*, where <level> is between 0 (no details) and 4 (very verbose).
2021-Jan-24 09:51:55.220012 INFO [core] 
2021-Jan-24 09:51:55.220012 INFO [core] Use "help" command to see the list of available commands.
2021-Jan-24 09:51:55.220012 INFO [core] 
2021-Jan-24 09:51:55.220012 INFO [core] Note: in case you need to interrupt the process, use "exit" command. Otherwise, the current progress won't be saved.
2021-Jan-24 09:51:55.220012 INFO [core] **********************************************************************
2021-Jan-24 10:17:24.784826 INFO [node_server] Stop signal sent
2021-Jan-24 10:17:24.785058 INFO [node_server] Stopping NodeServer and it's2 connections...
2021-Jan-24 10:17:24.785356 INFO [node_server] NodeServer loop stopped
2021-Jan-24 10:17:24.785486 INFO [daemon] p2p net loop stopped
2021-Jan-24 10:17:24.785598 INFO [daemon] Stopping core rpc server...
2021-Jan-24 10:17:24.785743 INFO [daemon] Deinitializing core...
2021-Jan-24 10:17:24.785833 INFO [miner] Mining has been stopped, 0 finished
2021-Jan-24 10:17:24.785981 INFO [Blockchain] Saving blockchain...
2021-Jan-24 10:17:24.786148 INFO [BlockCacheSerializer] - saving block index...
2021-Jan-24 10:17:24.786239 INFO [BlockCacheSerializer] - saving transaction map...
2021-Jan-24 10:17:24.786373 INFO [BlockCacheSerializer] - saving spent keys...
2021-Jan-24 10:17:24.786461 INFO [BlockCacheSerializer] - saving outputs...
2021-Jan-24 10:17:24.786543 INFO [BlockCacheSerializer] - saving multi-signature outputs...
2021-Jan-24 10:17:24.786635 INFO [BlockCacheSerializer] Serialization time: 0ms
2021-Jan-24 10:17:24.786726 INFO [Blockchain] Saving blockchain indices...
2021-Jan-24 10:17:24.786823 INFO [BlockchainIndicesSerializer] - saving paymentID index...
2021-Jan-24 10:17:24.786906 INFO [BlockchainIndicesSerializer] - saving timestamp index...
2021-Jan-24 10:17:24.786985 INFO [BlockchainIndicesSerializer] - saving generated transactions index...
2021-Jan-24 10:17:24.787081 INFO [daemon] Deinitializing p2p...
2021-Jan-24 10:17:24.787233 INFO [miner] Mining has been stopped, 0 finished
2021-Jan-24 10:17:24.787498 INFO [daemon] Node stopped.
2021-Jan-24 10:17:26.906910 INFO [daemon] Bytevelin v0.0.1.1()
2021-Jan-24 10:17:26.907129 INFO [daemon] Module folder: ./Bytevelind
2021-Jan-24 10:17:26.907455 INFO [daemon] Initializing p2p server...
2021-Jan-24 10:17:26.907677 INFO [node_server] Binding on 0.0.0.0:40888
2021-Jan-24 10:17:26.907831 INFO [node_server] Net service binded on 0.0.0.0:40888
2021-Jan-24 10:17:26.907947 INFO [node_server] Attempting to add IGD port mapping.
2021-Jan-24 10:17:30.912886 INFO [node_server] No IGD was found.
2021-Jan-24 10:17:30.913096 INFO [daemon] P2p server initialized OK
2021-Jan-24 10:17:30.913211 INFO [daemon] Initializing core...
2021-Jan-24 10:17:30.913398 INFO [Blockchain] Loading blockchain...
2021-Jan-24 10:17:30.913580 INFO [BlockCacheSerializer] - loading block index...
2021-Jan-24 10:17:30.913697 INFO [BlockCacheSerializer] - loading transaction map...
2021-Jan-24 10:17:30.913782 INFO [BlockCacheSerializer] - loading spent keys...
2021-Jan-24 10:17:30.913856 INFO [BlockCacheSerializer] - loading outputs...
2021-Jan-24 10:17:30.913931 INFO [BlockCacheSerializer] - loading multi-signature outputs...
2021-Jan-24 10:17:30.914003 INFO [BlockCacheSerializer] Serialization time: 0ms
2021-Jan-24 10:17:30.914076 INFO [Blockchain] Loading blockchain indices for BlockchainExplorer...
2021-Jan-24 10:17:30.914172 INFO [BlockchainIndicesSerializer] - loading paymentID index...
2021-Jan-24 10:17:30.914250 INFO [BlockchainIndicesSerializer] - loading timestamp index...
2021-Jan-24 10:17:30.914372 INFO [BlockchainIndicesSerializer] - loading generated transactions index...
2021-Jan-24 10:17:30.914478 INFO [Blockchain] Blockchain initialized. last block: 0, d3126.h5.m17.s30 time ago, current difficulty: 1
2021-Jan-24 10:17:30.914561 INFO [daemon] Core initialized OK
2021-Jan-24 10:17:30.914696 INFO [daemon] Starting core rpc server on address 127.0.0.1:40999
2021-Jan-24 10:17:30.914821 INFO [daemon] Core rpc server started ok
2021-Jan-24 10:17:30.914911 INFO [daemon] Starting p2p net loop...
2021-Jan-24 10:17:30.914991 INFO [node_server] Starting node_server
2021-Jan-24 10:17:30.915904 INFO [protocol] 
2021-Jan-24 10:17:30.915904 INFO [protocol] **********************************************************************
2021-Jan-24 10:17:30.915904 INFO [protocol] You are now synchronized with the network. You may now start simplewallet.
2021-Jan-24 10:17:30.915904 INFO [protocol] 
2021-Jan-24 10:17:30.915904 INFO [protocol] Please note, that the blockchain will be saved only after you quit the daemon with "exit" command or if you use "save" command.
2021-Jan-24 10:17:30.915904 INFO [protocol] Otherwise, you will possibly need to synchronize the blockchain again.
2021-Jan-24 10:17:30.915904 INFO [protocol] 
2021-Jan-24 10:17:30.915904 INFO [protocol] Use "help" command to see the list of available commands.
2021-Jan-24 10:17:30.915904 INFO [protocol] **********************************************************************
2021-Jan-24 10:17:30.919828 INFO [core] 
2021-Jan-24 10:17:30.919828 INFO [core] **********************************************************************
2021-Jan-24 10:17:30.919828 INFO [core] The daemon will start synchronizing with the network. It may take up to several hours.
2021-Jan-24 10:17:30.919828 INFO [core] 
2021-Jan-24 10:17:30.919828 INFO [core] You can set the level of process detailization* through "set_log <level>" command*, where <level> is between 0 (no details) and 4 (very verbose).
2021-Jan-24 10:17:30.919828 INFO [core] 
2021-Jan-24 10:17:30.919828 INFO [core] Use "help" command to see the list of available commands.
2021-Jan-24 10:17:30.919828 INFO [core] 
2021-Jan-24 10:17:30.919828 INFO [core] Note: in case you need to interrupt the process, use "exit" command. Otherwise, the current progress won't be saved.
2021-Jan-24 10:17:30.919828 INFO [core] **********************************************************************
2021-Jan-24 11:04:25.572579 INFO [daemon] Bytevelin v0.0.1.1()
2021-Jan-24 11:04:25.573399 INFO [daemon] Module folder: ./Bytevelind
2021-Jan-24 11:04:25.576725 INFO [daemon] Initializing p2p server...
2021-Jan-24 11:04:25.578720 INFO [node_server] Binding on 0.0.0.0:40888
2021-Jan-24 11:04:25.578851 INFO [node_server] Net service binded on 0.0.0.0:40888
2021-Jan-24 11:04:25.578939 INFO [node_server] Attempting to add IGD port mapping.
2021-Jan-24 11:04:29.583896 INFO [node_server] No IGD was found.
2021-Jan-24 11:04:29.584096 INFO [daemon] P2p server initialized OK
2021-Jan-24 11:04:29.584210 INFO [daemon] Initializing core...
2021-Jan-24 11:04:29.585505 INFO [Blockchain] Loading blockchain...
2021-Jan-24 11:04:29.586645 INFO [BlockCacheSerializer] - loading block index...
2021-Jan-24 11:04:29.586739 INFO [BlockCacheSerializer] - loading transaction map...
2021-Jan-24 11:04:29.586816 INFO [BlockCacheSerializer] - loading spent keys...
2021-Jan-24 11:04:29.586890 INFO [BlockCacheSerializer] - loading outputs...
2021-Jan-24 11:04:29.586969 INFO [BlockCacheSerializer] - loading multi-signature outputs...
2021-Jan-24 11:04:29.587043 INFO [BlockCacheSerializer] Serialization time: 0ms
2021-Jan-24 11:04:29.587119 INFO [Blockchain] Loading blockchain indices for BlockchainExplorer...
2021-Jan-24 11:04:29.587754 INFO [BlockchainIndicesSerializer] - loading paymentID index...
2021-Jan-24 11:04:29.587876 INFO [BlockchainIndicesSerializer] - loading timestamp index...
2021-Jan-24 11:04:29.587960 INFO [BlockchainIndicesSerializer] - loading generated transactions index...
2021-Jan-24 11:04:29.588066 INFO [Blockchain] Blockchain initialized. last block: 0, d3126.h6.m4.s29 time ago, current difficulty: 1
2021-Jan-24 11:04:29.588155 INFO [daemon] Core initialized OK
2021-Jan-24 11:04:29.588297 INFO [daemon] Starting core rpc server on address 127.0.0.1:40999
2021-Jan-24 11:04:29.588425 INFO [daemon] Core rpc server started ok
2021-Jan-24 11:04:29.588519 INFO [daemon] Starting p2p net loop...
2021-Jan-24 11:04:29.588603 INFO [node_server] Starting node_server
2021-Jan-24 11:04:29.590457 INFO [core] 
2021-Jan-24 11:04:29.590457 INFO [core] **********************************************************************
2021-Jan-24 11:04:29.590457 INFO [core] The daemon will start synchronizing with the network. It may take up to several hours.
2021-Jan-24 11:04:29.590457 INFO [core] 
2021-Jan-24 11:04:29.590457 INFO [core] You can set the level of process detailization* through "set_log <level>" command*, where <level> is between 0 (no details) and 4 (very verbose).
2021-Jan-24 11:04:29.590457 INFO [core] 
2021-Jan-24 11:04:29.590457 INFO [core] Use "help" command to see the list of available commands.
2021-Jan-24 11:04:29.590457 INFO [core] 
2021-Jan-24 11:04:29.590457 INFO [core] Note: in case you need to interrupt the process, use "exit" command. Otherwise, the current progress won't be saved.
2021-Jan-24 11:04:29.590457 INFO [core] **********************************************************************
2021-Jan-24 11:08:55.988658 INFO [node_server] Stop signal sent
2021-Jan-24 11:08:55.988806 INFO [node_server] Stopping NodeServer and it's0 connections...
2021-Jan-24 11:08:55.989096 INFO [node_server] NodeServer loop stopped
2021-Jan-24 11:08:55.989181 INFO [daemon] p2p net loop stopped
2021-Jan-24 11:08:55.989256 INFO [daemon] Stopping core rpc server...
2021-Jan-24 11:08:55.989430 INFO [daemon] Deinitializing core...
2021-Jan-24 11:08:55.989518 INFO [miner] Mining has been stopped, 0 finished
2021-Jan-24 11:08:55.989703 INFO [Blockchain] Saving blockchain...
2021-Jan-24 11:08:55.989820 INFO [BlockCacheSerializer] - saving block index...
2021-Jan-24 11:08:55.989904 INFO [BlockCacheSerializer] - saving transaction map...
2021-Jan-24 11:08:55.989979 INFO [BlockCacheSerializer] - saving spent keys...
2021-Jan-24 11:08:55.990053 INFO [BlockCacheSerializer] - saving outputs...
2021-Jan-24 11:08:55.990127 INFO [BlockCacheSerializer] - saving multi-signature outputs...
2021-Jan-24 11:08:55.990201 INFO [BlockCacheSerializer] Serialization time: 0ms
2021-Jan-24 11:08:55.990320 INFO [Blockchain] Saving blockchain indices...
2021-Jan-24 11:08:55.990435 INFO [BlockchainIndicesSerializer] - saving paymentID index...
2021-Jan-24 11:08:55.990582 INFO [BlockchainIndicesSerializer] - saving timestamp index...
2021-Jan-24 11:08:55.990663 INFO [BlockchainIndicesSerializer] - saving generated transactions index...
2021-Jan-24 11:08:55.990769 INFO [daemon] Deinitializing p2p...
2021-Jan-24 11:08:55.990966 INFO [miner] Mining has been stopped, 0 finished
2021-Jan-24 11:08:55.991185 INFO [daemon] Node stopped.
2021-Jan-24 11:10:04.071741 INFO [daemon] Bytevelin v0.0.1.1()
2021-Jan-24 11:10:04.071931 INFO [daemon] Module folder: ./Bytevelind
2021-Jan-24 11:10:04.072260 INFO [daemon] Initializing p2p server...
2021-Jan-24 11:10:04.072482 INFO [node_server] Binding on 0.0.0.0:40888
2021-Jan-24 11:10:04.072635 INFO [node_server] Net service binded on 0.0.0.0:40888
2021-Jan-24 11:10:04.072753 INFO [node_server] Attempting to add IGD port mapping.
2021-Jan-24 11:10:08.077712 INFO [node_server] No IGD was found.
2021-Jan-24 11:10:08.077935 INFO [daemon] P2p server initialized OK
2021-Jan-24 11:10:08.078056 INFO [daemon] Initializing core...
2021-Jan-24 11:10:08.078242 INFO [Blockchain] Loading blockchain...
2021-Jan-24 11:10:08.078425 INFO [BlockCacheSerializer] - loading block index...
2021-Jan-24 11:10:08.078578 INFO [BlockCacheSerializer] - loading transaction map...
2021-Jan-24 11:10:08.078661 INFO [BlockCacheSerializer] - loading spent keys...
2021-Jan-24 11:10:08.078737 INFO [BlockCacheSerializer] - loading outputs...
2021-Jan-24 11:10:08.078817 INFO [BlockCacheSerializer] - loading multi-signature outputs...
2021-Jan-24 11:10:08.078892 INFO [BlockCacheSerializer] Serialization time: 0ms
2021-Jan-24 11:10:08.078968 INFO [Blockchain] Loading blockchain indices for BlockchainExplorer...
2021-Jan-24 11:10:08.079067 INFO [BlockchainIndicesSerializer] - loading paymentID index...
2021-Jan-24 11:10:08.079154 INFO [BlockchainIndicesSerializer] - loading timestamp index...
2021-Jan-24 11:10:08.079230 INFO [BlockchainIndicesSerializer] - loading generated transactions index...
2021-Jan-24 11:10:08.079334 INFO [Blockchain] Blockchain initialized. last block: 0, d3126.h6.m10.s8 time ago, current difficulty: 1
2021-Jan-24 11:10:08.079419 INFO [daemon] Core initialized OK
2021-Jan-24 11:10:08.079559 INFO [daemon] Starting core rpc server on address 127.0.0.1:40999
2021-Jan-24 11:10:08.079687 INFO [daemon] Core rpc server started ok
2021-Jan-24 11:10:08.079781 INFO [daemon] Starting p2p net loop...
2021-Jan-24 11:10:08.079861 INFO [node_server] Starting node_server
2021-Jan-24 11:10:08.080755 INFO [core] 
2021-Jan-24 11:10:08.080755 INFO [core] **********************************************************************
2021-Jan-24 11:10:08.080755 INFO [core] The daemon will start synchronizing with the network. It may take up to several hours.
2021-Jan-24 11:10:08.080755 INFO [core] 
2021-Jan-24 11:10:08.080755 INFO [core] You can set the level of process detailization* through "set_log <level>" command*, where <level> is between 0 (no details) and 4 (very verbose).
2021-Jan-24 11:10:08.080755 INFO [core] 
2021-Jan-24 11:10:08.080755 INFO [core] Use "help" command to see the list of available commands.
2021-Jan-24 11:10:08.080755 INFO [core] 
2021-Jan-24 11:10:08.080755 INFO [core] Note: in case you need to interrupt the process, use "exit" command. Otherwise, the current progress won't be saved.
2021-Jan-24 11:10:08.080755 INFO [core] **********************************************************************
2021-Jan-24 11:26:35.369702 INFO [protocol] 
2021-Jan-24 11:26:35.369702 INFO [protocol] **********************************************************************
2021-Jan-24 11:26:35.369702 INFO [protocol] You are now synchronized with the network. You may now start simplewallet.
2021-Jan-24 11:26:35.369702 INFO [protocol] 
2021-Jan-24 11:26:35.369702 INFO [protocol] Please note, that the blockchain will be saved only after you quit the daemon with "exit" command or if you use "save" command.
2021-Jan-24 11:26:35.369702 INFO [protocol] Otherwise, you will possibly need to synchronize the blockchain again.
2021-Jan-24 11:26:35.369702 INFO [protocol] 
2021-Jan-24 11:26:35.369702 INFO [protocol] Use "help" command to see the list of available commands.
2021-Jan-24 11:26:35.369702 INFO [protocol] **********************************************************************
2021-Jan-24 11:37:26.461882 INFO [miner] Mining has started with 1 threads, good luck!
2021-Jan-24 11:37:26.462027 INFO [miner] Miner thread was started [0]
2021-Jan-24 11:37:26.487740 INFO [miner] Found block for difficulty: 1
2021-Jan-24 11:37:26.514990 INFO [miner] Found block for difficulty: 1
2021-Jan-24 11:37:29.448588 INFO [miner] Found block for difficulty: 60
2021-Jan-24 11:37:43.288382 INFO [miner] Found block for difficulty: 3660
